<?xml version="1.0" encoding="UTF-8"?>
<testng-results skipped="0" failed="1" ignored="0" total="5" passed="4">
  <reporter-output>
  </reporter-output>
  <suite name="Default suite" duration-ms="33649" started-at="2020-08-28T20:08:43 PKT" finished-at="2020-08-28T20:09:17 PKT">
    <groups>
    </groups>
    <test name="Default test" duration-ms="33649" started-at="2020-08-28T20:08:43 PKT" finished-at="2020-08-28T20:09:17 PKT">
      <class name="APIs.WESP.ExecutionFile">
        <test-method status="PASS" signature="WESP_Signin()[pri:1, instance:APIs.WESP.ExecutionFile@5b7a5baa]" name="WESP_Signin" duration-ms="5597" started-at="2020-08-28T20:08:43 PKT" finished-at="2020-08-28T20:08:49 PKT">
          <reporter-output>
          </reporter-output>
        </test-method> <!-- WESP_Signin -->
        <test-method status="PASS" signature="PostProject()[pri:13, instance:APIs.WESP.ExecutionFile@5b7a5baa]" name="PostProject" duration-ms="1779" started-at="2020-08-28T20:08:49 PKT" finished-at="2020-08-28T20:08:50 PKT">
          <reporter-output>
          </reporter-output>
        </test-method> <!-- PostProject -->
        <test-method status="PASS" signature="GetProject()[pri:14, instance:APIs.WESP.ExecutionFile@5b7a5baa]" name="GetProject" duration-ms="1829" started-at="2020-08-28T20:08:50 PKT" finished-at="2020-08-28T20:08:52 PKT">
          <reporter-output>
          </reporter-output>
        </test-method> <!-- GetProject -->
        <test-method status="PASS" signature="GetAllProducts()[pri:15, instance:APIs.WESP.ExecutionFile@5b7a5baa]" name="GetAllProducts" duration-ms="1518" started-at="2020-08-28T20:08:52 PKT" finished-at="2020-08-28T20:08:54 PKT">
          <reporter-output>
          </reporter-output>
        </test-method> <!-- GetAllProducts -->
        <test-method status="FAIL" signature="GetPresentationFromProject()[pri:16, instance:APIs.WESP.ExecutionFile@5b7a5baa]" name="GetPresentationFromProject" duration-ms="22844" started-at="2020-08-28T20:08:54 PKT" finished-at="2020-08-28T20:09:17 PKT">
          <exception class="io.restassured.path.json.exception.JsonPathException">
            <message>
              <![CDATA[Failed to parse the JSON document]]>
            </message>
            <full-stacktrace>
              <![CDATA[io.restassured.path.json.exception.JsonPathException: Failed to parse the JSON document
at io.restassured.path.json.JsonPath$ExceptionCatcher.invoke(JsonPath.java:930)
at io.restassured.path.json.JsonPath$4.doParseWith(JsonPath.java:895)
at io.restassured.path.json.JsonPath$JsonParser.parseWith(JsonPath.java:975)
at io.restassured.path.json.JsonPath.toJsonString(JsonPath.java:992)
at io.restassured.path.json.JsonPath.prettify(JsonPath.java:628)
at io.restassured.path.json.JsonPath.prettyPrint(JsonPath.java:643)
at APIs.WESP.WESPAPIs.GetPresentationFromProject(WESPAPIs.java:385)
at APIs.WESP.ExecutionFile.GetPresentationFromProject(ExecutionFile.java:92)
at sun.reflect.NativeMethodAccessorImpl.invoke0(Native Method)
at sun.reflect.NativeMethodAccessorImpl.invoke(Unknown Source)
at sun.reflect.DelegatingMethodAccessorImpl.invoke(Unknown Source)
at java.lang.reflect.Method.invoke(Unknown Source)
at org.testng.internal.MethodInvocationHelper.invokeMethod(MethodInvocationHelper.java:135)
at org.testng.internal.TestInvoker.invokeMethod(TestInvoker.java:598)
at org.testng.internal.TestInvoker.invokeTestMethod(TestInvoker.java:174)
at org.testng.internal.MethodRunner.runInSequence(MethodRunner.java:46)
at org.testng.internal.TestInvoker$MethodInvocationAgent.invoke(TestInvoker.java:821)
at org.testng.internal.TestInvoker.invokeTestMethods(TestInvoker.java:147)
at org.testng.internal.TestMethodWorker.invokeTestMethods(TestMethodWorker.java:146)
at org.testng.internal.TestMethodWorker.run(TestMethodWorker.java:128)
at java.util.ArrayList.forEach(Unknown Source)
at org.testng.TestRunner.privateRun(TestRunner.java:767)
at org.testng.TestRunner.run(TestRunner.java:588)
at org.testng.SuiteRunner.runTest(SuiteRunner.java:384)
at org.testng.SuiteRunner.runSequentially(SuiteRunner.java:378)
at org.testng.SuiteRunner.privateRun(SuiteRunner.java:337)
at org.testng.SuiteRunner.run(SuiteRunner.java:286)
at org.testng.SuiteRunnerWorker.runSuite(SuiteRunnerWorker.java:53)
at org.testng.SuiteRunnerWorker.run(SuiteRunnerWorker.java:96)
at org.testng.TestNG.runSuitesSequentially(TestNG.java:1214)
at org.testng.TestNG.runSuitesLocally(TestNG.java:1136)
at org.testng.TestNG.runSuites(TestNG.java:1066)
at org.testng.TestNG.run(TestNG.java:1034)
at org.testng.remote.AbstractRemoteTestNG.run(AbstractRemoteTestNG.java:115)
at org.testng.remote.RemoteTestNG.initAndRun(RemoteTestNG.java:251)
at org.testng.remote.RemoteTestNG.main(RemoteTestNG.java:77)
Caused by: groovy.json.JsonException: Lexing failed on line: 1, column: 1, while reading 'E', no possible valid JSON value or punctuation could be recognized.
at groovy.json.JsonLexer.nextToken(JsonLexer.java:83)
at groovy.json.JsonLexer$nextToken.call(Unknown Source)
at io.restassured.internal.path.json.ConfigurableJsonSlurper.parse(ConfigurableJsonSlurper.groovy:97)
at io.restassured.internal.path.json.ConfigurableJsonSlurper$parse.callCurrent(Unknown Source)
at io.restassured.internal.path.json.ConfigurableJsonSlurper.parseText(ConfigurableJsonSlurper.groovy:83)
at io.restassured.path.json.JsonPath$4$1.method(JsonPath.java:893)
at io.restassured.path.json.JsonPath$ExceptionCatcher.invoke(JsonPath.java:928)
... 35 more
]]>
            </full-stacktrace>
          </exception> <!-- io.restassured.path.json.exception.JsonPathException -->
          <reporter-output>
          </reporter-output>
        </test-method> <!-- GetPresentationFromProject -->
      </class> <!-- APIs.WESP.ExecutionFile -->
    </test> <!-- Default test -->
  </suite> <!-- Default suite -->
</testng-results>
